#
# A fatal error has been detected by the Java Runtime Environment:
#
#  Internal Error (javaCalls.cpp:51), pid=9816, tid=0x00002168
#  guarantee(thread->is_Java_thread()) failed: crucial check - the VM thread cannot and must not escape to Java code
#
# JRE version: Java(TM) SE Runtime Environment (8.0_191-b12) (build 1.8.0_191-b12)
# Java VM: Java HotSpot(TM) Client VM (25.191-b12 mixed mode windows-x86 )
# Failed to write core dump. Minidumps are not enabled by default on client versions of Windows
#
# If you would like to submit a bug report, please visit:
#   http://bugreport.java.com/bugreport/crash.jsp
#

---------------  T H R E A D  ---------------

Current thread (0x01c3e800):  VMThread [stack: 0x03cd0000,0x03d20000] [id=8552]

Stack: [0x03cd0000,0x03d20000],  sp=0x03d1ec98,  free space=315k
Native frames: (J=compiled Java code, j=interpreted, Vv=VM code, C=native code)
V  [jvm.dll+0x1acfeb]
V  [jvm.dll+0x1a5645]
V  [jvm.dll+0x15bd9e]
V  [jvm.dll+0x15c2df]
V  [jvm.dll+0x223ece]
V  [jvm.dll+0x15c3ae]
V  [jvm.dll+0x15c736]
V  [jvm.dll+0x1a630a]
V  [jvm.dll+0x1a6374]
V  [jvm.dll+0x1a652a]
V  [jvm.dll+0x1a6576]
V  [jvm.dll+0xb2e7b]
V  [jvm.dll+0xb3544]
V  [jvm.dll+0xb5369]
V  [jvm.dll+0xb651c]
V  [jvm.dll+0xb6892]
V  [jvm.dll+0x87a91]
V  [jvm.dll+0x8810d]
V  [jvm.dll+0x88258]
V  [jvm.dll+0x884a8]
V  [jvm.dll+0xbec2f]
V  [jvm.dll+0xcea6b]
V  [jvm.dll+0x12391d]
V  [jvm.dll+0x184e0b]
V  [jvm.dll+0x184221]
V  [jvm.dll+0x184637]
V  [jvm.dll+0x184832]
V  [jvm.dll+0x1c57a6]
C  [msvcr100.dll+0x5c556]
C  [msvcr100.dll+0x5c600]
C  [KERNEL32.DLL+0x18e94]
C  [ntdll.dll+0x5e972]
C  [ntdll.dll+0x5e941]

VM_Operation (0x148ff888): GetOrSetLocal, mode: safepoint, requested by thread 0x142d0c00


---------------  P R O C E S S  ---------------

Java Threads: ( => current thread )
  0x14424400 JavaThread "Service Thread" daemon [_thread_blocked, id=9560, stack(0x149f0000,0x14a40000)]
  0x1442a400 JavaThread "C1 CompilerThread0" daemon [_thread_blocked, id=9180, stack(0x149a0000,0x149f0000)]
  0x142d7000 JavaThread "JDWP Command Reader" daemon [_thread_in_native, id=9768, stack(0x14950000,0x149a0000)]
  0x142d3400 JavaThread "JDWP Event Helper Thread" daemon [_thread_blocked, id=3588, stack(0x14900000,0x14950000)]
  0x142d0c00 JavaThread "JDWP Transport Listener: dt_socket" daemon [_thread_blocked, id=6036, stack(0x148b0000,0x14900000)]
  0x14297800 JavaThread "Attach Listener" daemon [_thread_blocked, id=5036, stack(0x14860000,0x148b0000)]
  0x142c4800 JavaThread "Signal Dispatcher" daemon [_thread_blocked, id=9740, stack(0x14810000,0x14860000)]
  0x14279400 JavaThread "Finalizer" daemon [_thread_blocked, id=9980, stack(0x03d70000,0x03dc0000)]
  0x14277000 JavaThread "Reference Handler" daemon [_thread_blocked, id=1364, stack(0x03d20000,0x03d70000)]
  0x0083e400 JavaThread "main" [_thread_blocked, id=10208, stack(0x00840000,0x00890000)]

Other Threads:
=>0x01c3e800 VMThread [stack: 0x03cd0000,0x03d20000] [id=8552]
  0x14425c00 WatcherThread [stack: 0x14e40000,0x14e90000] [id=8756]

VM state:at safepoint (normal execution)

VM Mutex/Monitor currently owned by a thread:  ([mutex/lock_event])
[0x0083cc88] Threads_lock - owner thread: 0x01c3e800

Heap:
 def new generation   total 4928K, used 2489K [0x03e00000, 0x04350000, 0x09350000)
  eden space 4416K,  56% used [0x03e00000, 0x0406e6c0, 0x04250000)
  from space 512K,   0% used [0x04250000, 0x04250000, 0x042d0000)
  to   space 512K,   0% used [0x042d0000, 0x042d0000, 0x04350000)
 tenured generation   total 10944K, used 0K [0x09350000, 0x09e00000, 0x13e00000)
   the space 10944K,   0% used [0x09350000, 0x09350000, 0x09350200, 0x09e00000)
 Metaspace       used 2237K, capacity 2376K, committed 2496K, reserved 4480K

Card table byte_map: [0x03c40000,0x03cd0000] byte_map_base: 0x03c21000

Polling page: 0x00700000

CodeCache: size=32768Kb used=713Kb max_used=713Kb free=32054Kb
 bounds [0x01c40000, 0x01cf8000, 0x03c40000]
 total_blobs=155 nmethods=21 adapters=74
 compilation: enabled

Compilation events (10 events):
Event: 8.358 Thread 0x1442a400   17             java.util.jar.Manifest$FastInputStream::readLine (167 bytes)
Event: 8.359 Thread 0x1442a400 nmethod 17 0x01ce8988 code [0x01ce8ab0, 0x01ce8d38]
Event: 8.359 Thread 0x1442a400   18             sun.nio.cs.UTF_8$Decoder::decode (779 bytes)
Event: 8.365 Thread 0x1442a400 nmethod 18 0x01ce8f48 code [0x01ce9330, 0x01ceaae0]
Event: 8.367 Thread 0x1442a400   19             java.io.WinNTFileSystem::normalize (231 bytes)
Event: 8.371 Thread 0x1442a400 nmethod 19 0x01cedb08 code [0x01cede00, 0x01cefbc8]
Event: 8.371 Thread 0x1442a400   20             java.lang.AbstractStringBuilder::append (29 bytes)
Event: 8.371 Thread 0x1442a400 nmethod 20 0x01cf1dc8 code [0x01cf1ee0, 0x01cf20e8]
Event: 8.371 Thread 0x1442a400   21             java.io.WinNTFileSystem::isSlash (18 bytes)
Event: 8.371 Thread 0x1442a400 nmethod 21 0x01cf2288 code [0x01cf2380, 0x01cf2420]

GC Heap History (0 events):
No events

Deoptimization events (0 events):
No events

Classes redefined (6 events):
Event: 194.452 Thread 0x01c3e800 redefined class name=ExcelReader1, count=1
Event: 265.644 Thread 0x01c3e800 redefined class name=ExcelReader1, count=2
Event: 321.804 Thread 0x01c3e800 redefined class name=ExcelReader1, count=3
Event: 468.768 Thread 0x01c3e800 redefined class name=ExcelReader1, count=4
Event: 698.037 Thread 0x01c3e800 redefined class name=ExcelReader1, count=5
Event: 761.597 Thread 0x01c3e800 redefined class name=ExcelReader1, count=6

Internal exceptions (8 events):
Event: 0.520 Thread 0x0083e400 Exception <a 'java/lang/NoSuchMethodError': Method sun.misc.Unsafe.defineClass(Ljava/lang/String;[BII)Ljava/lang/Class; name or signature does not match> (0x03e06ea8) thrown at [C:\workspace\8-2-build-windows-i586-cygwin\jdk8u191\11896\hotspot\src\share\v
Event: 0.521 Thread 0x0083e400 Exception <a 'java/lang/NoSuchMethodError': Method sun.misc.Unsafe.prefetchRead(Ljava/lang/Object;J)V name or signature does not match> (0x03e07178) thrown at [C:\workspace\8-2-build-windows-i586-cygwin\jdk8u191\11896\hotspot\src\share\vm\prims\jni.cpp, l
Event: 8.022 Thread 0x0083e400 Exception <a 'java/security/PrivilegedActionException'> (0x03f45150) thrown at [C:\workspace\8-2-build-windows-i586-cygwin\jdk8u191\11896\hotspot\src\share\vm\prims\jvm.cpp, line 1435]
Event: 8.023 Thread 0x0083e400 Exception <a 'java/security/PrivilegedActionException'> (0x03f45350) thrown at [C:\workspace\8-2-build-windows-i586-cygwin\jdk8u191\11896\hotspot\src\share\vm\prims\jvm.cpp, line 1435]
Event: 8.023 Thread 0x0083e400 Exception <a 'java/security/PrivilegedActionException'> (0x03f462a8) thrown at [C:\workspace\8-2-build-windows-i586-cygwin\jdk8u191\11896\hotspot\src\share\vm\prims\jvm.cpp, line 1435]
Event: 8.023 Thread 0x0083e400 Exception <a 'java/security/PrivilegedActionException'> (0x03f464a8) thrown at [C:\workspace\8-2-build-windows-i586-cygwin\jdk8u191\11896\hotspot\src\share\vm\prims\jvm.cpp, line 1435]
Event: 8.025 Thread 0x0083e400 Exception <a 'java/security/PrivilegedActionException'> (0x03f4dcc0) thrown at [C:\workspace\8-2-build-windows-i586-cygwin\jdk8u191\11896\hotspot\src\share\vm\prims\jvm.cpp, line 1435]
Event: 8.025 Thread 0x0083e400 Exception <a 'java/security/PrivilegedActionException'> (0x03f4dec0) thrown at [C:\workspace\8-2-build-windows-i586-cygwin\jdk8u191\11896\hotspot\src\share\vm\prims\jvm.cpp, line 1435]

Events (10 events):
Event: 761.592 Executing VM operation: ChangeBreakpoints done
Event: 761.597 Executing VM operation: RedefineClasses
Event: 761.597 Executing VM operation: RedefineClasses done
Event: 761.681 Executing VM operation: ChangeBreakpoints
Event: 761.681 Executing VM operation: ChangeBreakpoints done
Event: 761.687 Executing VM operation: ChangeBreakpoints
Event: 761.687 Executing VM operation: ChangeBreakpoints done
Event: 761.706 Executing VM operation: ChangeBreakpoints
Event: 761.706 Executing VM operation: ChangeBreakpoints done
Event: 761.724 Executing VM operation: GetOrSetLocal


Dynamic libraries:
0x00900000 - 0x00933000 	C:\software\jdk8\bin\java.exe
0x77b10000 - 0x77c95000 	C:\windows\SYSTEM32\ntdll.dll
0x77600000 - 0x77696000 	C:\windows\System32\KERNEL32.DLL
0x74740000 - 0x748e7000 	C:\windows\System32\KERNELBASE.dll
0x72ec0000 - 0x72f52000 	C:\windows\system32\apphelp.dll
0x77580000 - 0x775f7000 	C:\windows\System32\ADVAPI32.dll
0x776a0000 - 0x7775e000 	C:\windows\System32\msvcrt.dll
0x77760000 - 0x777a1000 	C:\windows\System32\sechost.dll
0x778c0000 - 0x77983000 	C:\windows\System32\RPCRT4.dll
0x77990000 - 0x77ad9000 	C:\windows\System32\USER32.dll
0x74510000 - 0x74529000 	C:\windows\System32\win32u.dll
0x76700000 - 0x7672b000 	C:\windows\System32\GDI32.dll
0x74fd0000 - 0x7512a000 	C:\windows\System32\gdi32full.dll
0x6abb0000 - 0x6adba000 	C:\windows\WinSxS\x86_microsoft.windows.common-controls_6595b64144ccf1df_6.0.14393.0_none_74bc87d3d22d9abe\COMCTL32.dll
0x76930000 - 0x76b41000 	C:\windows\System32\combase.dll
0x74980000 - 0x74a60000 	C:\windows\System32\ucrtbase.dll
0x751d0000 - 0x7522a000 	C:\windows\System32\bcryptPrimitives.dll
0x77ae0000 - 0x77b06000 	C:\windows\System32\IMM32.DLL
0x52940000 - 0x529ff000 	C:\software\jdk8\jre\bin\msvcr100.dll
0x6cc60000 - 0x6d033000 	C:\software\jdk8\jre\bin\client\jvm.dll
0x74940000 - 0x74964000 	C:\windows\System32\WINMM.dll
0x744d0000 - 0x744f3000 	C:\windows\System32\WINMMBASE.dll
0x746b0000 - 0x746e6000 	C:\windows\System32\cfgmgr32.dll
0x76610000 - 0x76616000 	C:\windows\System32\PSAPI.DLL
0x66c30000 - 0x66c38000 	C:\windows\SYSTEM32\WSOCK32.dll
0x76bc0000 - 0x76c23000 	C:\windows\System32\WS2_32.dll
0x6d520000 - 0x6d528000 	C:\windows\SYSTEM32\VERSION.dll
0x693e0000 - 0x693ec000 	C:\software\jdk8\jre\bin\verify.dll
0x693b0000 - 0x693d2000 	C:\software\jdk8\jre\bin\java.dll
0x57ee0000 - 0x57f0b000 	C:\software\jdk8\jre\bin\jdwp.dll
0x5fdf0000 - 0x5fdf7000 	C:\software\jdk8\jre\bin\npt.dll
0x60500000 - 0x60520000 	C:\software\jdk8\jre\bin\instrument.dll
0x66df0000 - 0x66e04000 	C:\software\jdk8\jre\bin\zip.dll
0x75230000 - 0x76607000 	C:\windows\System32\SHELL32.dll
0x74a60000 - 0x74fce000 	C:\windows\System32\windows.storage.dll
0x746f0000 - 0x74735000 	C:\windows\System32\powrprof.dll
0x766b0000 - 0x766f6000 	C:\windows\System32\shlwapi.dll
0x744c0000 - 0x744cd000 	C:\windows\System32\kernel.appcore.dll
0x77810000 - 0x77898000 	C:\windows\System32\shcore.dll
0x74500000 - 0x7450f000 	C:\windows\System32\profapi.dll
0x5c6e0000 - 0x5c6e8000 	C:\software\jdk8\jre\bin\dt_socket.dll
0x73f00000 - 0x73f50000 	C:\windows\system32\mswsock.dll
0x627b0000 - 0x628f5000 	C:\windows\SYSTEM32\dbghelp.dll

VM Arguments:
jvm_args: -agentlib:jdwp=transport=dt_socket,address=127.0.0.1:55007,suspend=y,server=n -javaagent:C:\Users\Administrator\.IntelliJIdea2018.2\system\captureAgent\debugger-agent.jar=file:/C:/Users/Administrator/AppData/Local/Temp/capture1.props -Dfile.encoding=UTF-8 
java_command: ExcelReader1
java_class_path (initial): C:\software\jdk8\jre\lib\charsets.jar;C:\software\jdk8\jre\lib\deploy.jar;C:\software\jdk8\jre\lib\ext\access-bridge.jar;C:\software\jdk8\jre\lib\ext\cldrdata.jar;C:\software\jdk8\jre\lib\ext\dnsns.jar;C:\software\jdk8\jre\lib\ext\jaccess.jar;C:\software\jdk8\jre\lib\ext\jfxrt.jar;C:\software\jdk8\jre\lib\ext\localedata.jar;C:\software\jdk8\jre\lib\ext\nashorn.jar;C:\software\jdk8\jre\lib\ext\sunec.jar;C:\software\jdk8\jre\lib\ext\sunjce_provider.jar;C:\software\jdk8\jre\lib\ext\sunmscapi.jar;C:\software\jdk8\jre\lib\ext\sunpkcs11.jar;C:\software\jdk8\jre\lib\ext\zipfs.jar;C:\software\jdk8\jre\lib\javaws.jar;C:\software\jdk8\jre\lib\jce.jar;C:\software\jdk8\jre\lib\jfr.jar;C:\software\jdk8\jre\lib\jfxswt.jar;C:\software\jdk8\jre\lib\jsse.jar;C:\software\jdk8\jre\lib\management-agent.jar;C:\software\jdk8\jre\lib\plugin.jar;C:\software\jdk8\jre\lib\resources.jar;C:\software\jdk8\jre\lib\rt.jar;C:\Users\Administrator\IdeaProjects\excel\target\classes;C:\Users\Administrator\.m2\repository\org\apache\poi\poi\4.0.1\poi-4.0.1.jar;C:\Users\Administrator\.m2\repository\commons-codec\commons-codec\1.11\commons-codec-1.11.jar;C:\Users\Administrator\.m2\repository\org\apache\commons\commons-collections4\4.2\commons-collections4-4.2.jar;C:\Users\Administrator\.m2\repository\org\apache\commons\commons-math3\3.6.1\commons-math3-3.6.1.jar;C:\Users\Administrator\.m2\repository\dom4j\dom4j\1.5.1\dom4j-1.5.1.jar;C:\Users\Administrator\.m2\repository\jaxme\jaxme-api\0.3\jaxme-api-0.3.jar;C:\Users\Administrator\.m2\repository\jaxen\jaxen\1.1-beta-4\jaxen-1.1-beta-4.jar;C:\Users\Administrator\.m2\repository\jdom\jdom\b10\jdom-b10.jar;C:\Users\Administrator\.m2\repository\xerces\xmlParserAPIs\2.6.2\xmlParserAPIs-2.6.2.jar;C:\Users\Administrator\.m2\repository\xerces\xercesImpl\2.6.2\xercesImpl-2.6.2.jar;C:\Users\Administrator\.m2\repository\xom\xom\1.0b3\xom-1.0b3.jar;C:\Users\Administrator\.m2\repository\com\ibm\icu\icu4j\2.6.1\icu4j-2.6.1.jar;C:\Users\Admini
Launcher Type: SUN_STANDARD

Environment Variables:
JAVA_HOME=C:\software\jdk8
PATH=C:\Program Files\Common Files\Oracle\Java\javapath;C:\windows\system32;C:\windows;C:\windows\System32\Wbem;C:\windows\System32\WindowsPowerShell\v1.0\;C:\software\jdk8\bin;C:\software\jdk8\jre\bin;C:\software\mysql\bin;C:\software\apache-maven-3.6.0\bin;C:\software\Git\cmd;C:\software\Git\bin;C:\Users\Administrator\AppData\Local\Microsoft\WindowsApps;
USERNAME=Administrator
OS=Windows_NT
PROCESSOR_IDENTIFIER=x86 Family 6 Model 69 Stepping 1, GenuineIntel



---------------  S Y S T E M  ---------------

OS: Windows 10.0 Build 14393 (10.0.14393.0)

CPU:total 2 (initial active 2) (2 cores per cpu, 1 threads per core) family 6 model 69 stepping 1, cmov, cx8, fxsr, mmx, sse, sse2, sse3, ssse3, sse4.1, sse4.2, popcnt, clmul, erms, lzcnt, tsc, tscinvbit

Memory: 4k page, physical 3312112k(592076k free), swap 5671408k(1164476k free)

vm_info: Java HotSpot(TM) Client VM (25.191-b12) for windows-x86 JRE (1.8.0_191-b12), built on Oct  6 2018 08:34:23 by "java_re" with MS VC++ 10.0 (VS2010)

time: Mon Dec 10 00:34:08 2018
elapsed time: 761 seconds (0d 0h 12m 41s)

