#
# A fatal error has been detected by the Java Runtime Environment:
#
#  Internal Error (javaCalls.cpp:51), pid=9452, tid=0x00001c30
#  guarantee(thread->is_Java_thread()) failed: crucial check - the VM thread cannot and must not escape to Java code
#
# JRE version: Java(TM) SE Runtime Environment (8.0_191-b12) (build 1.8.0_191-b12)
# Java VM: Java HotSpot(TM) Client VM (25.191-b12 mixed mode windows-x86 )
# Failed to write core dump. Minidumps are not enabled by default on client versions of Windows
#
# If you would like to submit a bug report, please visit:
#   http://bugreport.java.com/bugreport/crash.jsp
#

---------------  T H R E A D  ---------------

Current thread (0x02a8e800):  VMThread [stack: 0x04af0000,0x04b40000] [id=7216]

Stack: [0x04af0000,0x04b40000],  sp=0x04b3e658,  free space=313k
Native frames: (J=compiled Java code, j=interpreted, Vv=VM code, C=native code)
V  [jvm.dll+0x1acfeb]
V  [jvm.dll+0x1a5645]
V  [jvm.dll+0x15bd9e]
V  [jvm.dll+0x15c2df]
V  [jvm.dll+0x223ece]
V  [jvm.dll+0x15c3ae]
V  [jvm.dll+0x15c736]
V  [jvm.dll+0x1a630a]
V  [jvm.dll+0x1a6374]
V  [jvm.dll+0x1a652a]
V  [jvm.dll+0x1a6576]
V  [jvm.dll+0xb2e7b]
V  [jvm.dll+0xb3457]
V  [jvm.dll+0xb3e7b]
V  [jvm.dll+0xb57c7]
V  [jvm.dll+0xb651c]
V  [jvm.dll+0xb6892]
V  [jvm.dll+0x87a91]
V  [jvm.dll+0x8810d]
V  [jvm.dll+0x88258]
V  [jvm.dll+0x884a8]
V  [jvm.dll+0xbec2f]
V  [jvm.dll+0xcea6b]
V  [jvm.dll+0x12391d]
V  [jvm.dll+0x184e0b]
V  [jvm.dll+0x184221]
V  [jvm.dll+0x184637]
V  [jvm.dll+0x184832]
V  [jvm.dll+0x1c57a6]
C  [msvcr100.dll+0x5c556]
C  [msvcr100.dll+0x5c600]
C  [KERNEL32.DLL+0x18e94]
C  [ntdll.dll+0x5e972]
C  [ntdll.dll+0x5e941]

VM_Operation (0x156ff428): GetOrSetLocal, mode: safepoint, requested by thread 0x150cdc00


---------------  P R O C E S S  ---------------

Java Threads: ( => current thread )
  0x15224000 JavaThread "Service Thread" daemon [_thread_blocked, id=4416, stack(0x157f0000,0x15840000)]
  0x1521d800 JavaThread "C1 CompilerThread0" daemon [_thread_blocked, id=1864, stack(0x157a0000,0x157f0000)]
  0x150d6800 JavaThread "JDWP Command Reader" daemon [_thread_in_native, id=8048, stack(0x15750000,0x157a0000)]
  0x150d0000 JavaThread "JDWP Event Helper Thread" daemon [_thread_blocked, id=8320, stack(0x15700000,0x15750000)]
  0x150cdc00 JavaThread "JDWP Transport Listener: dt_socket" daemon [_thread_blocked, id=8944, stack(0x156b0000,0x15700000)]
  0x15097800 JavaThread "Attach Listener" daemon [_thread_blocked, id=8552, stack(0x15660000,0x156b0000)]
  0x150c4800 JavaThread "Signal Dispatcher" daemon [_thread_blocked, id=4988, stack(0x15610000,0x15660000)]
  0x15079400 JavaThread "Finalizer" daemon [_thread_blocked, id=1608, stack(0x04b90000,0x04be0000)]
  0x15077000 JavaThread "Reference Handler" daemon [_thread_blocked, id=9744, stack(0x04b40000,0x04b90000)]
  0x0288e400 JavaThread "main" [_thread_blocked, id=9788, stack(0x02330000,0x02380000)]

Other Threads:
=>0x02a8e800 VMThread [stack: 0x04af0000,0x04b40000] [id=7216]
  0x1525e000 WatcherThread [stack: 0x15840000,0x15890000] [id=7736]

VM state:at safepoint (normal execution)

VM Mutex/Monitor currently owned by a thread:  ([mutex/lock_event])
[0x0288cae8] Threads_lock - owner thread: 0x02a8e800

Heap:
 def new generation   total 4928K, used 1311K [0x04c00000, 0x05150000, 0x0a150000)
  eden space 4416K,  18% used [0x04c00000, 0x04cc7cd0, 0x05050000)
  from space 512K,  99% used [0x050d0000, 0x0514fff8, 0x05150000)
  to   space 512K,   0% used [0x05050000, 0x05050000, 0x050d0000)
 tenured generation   total 10944K, used 3230K [0x0a150000, 0x0ac00000, 0x14c00000)
   the space 10944K,  29% used [0x0a150000, 0x0a477ae8, 0x0a477c00, 0x0ac00000)
 Metaspace       used 5073K, capacity 5121K, committed 5248K, reserved 5504K

Card table byte_map: [0x027d0000,0x02860000] byte_map_base: 0x027aa000

Polling page: 0x02390000

CodeCache: size=32768Kb used=1054Kb max_used=1054Kb free=31713Kb
 bounds [0x02a90000, 0x02b98000, 0x04a90000]
 total_blobs=394 nmethods=256 adapters=77
 compilation: enabled

Compilation events (10 events):
Event: 10.677 Thread 0x1521d800  252             java.lang.Character::charCount (12 bytes)
Event: 10.677 Thread 0x1521d800 nmethod 252 0x02b96888 code [0x02b96980, 0x02b96a00]
Event: 10.681 Thread 0x1521d800  253             java.util.regex.Pattern$CharProperty::match (56 bytes)
Event: 10.681 Thread 0x1521d800 nmethod 253 0x02b96a48 code [0x02b96b60, 0x02b96cc4]
Event: 10.681 Thread 0x1521d800  254             java.lang.Character::codePointAt (51 bytes)
Event: 10.681 Thread 0x1521d800 nmethod 254 0x02b96dc8 code [0x02b96ee0, 0x02b97074]
Event: 10.681 Thread 0x1521d800  255             java.util.regex.Pattern$Single::isSatisfiedBy (14 bytes)
Event: 10.682 Thread 0x1521d800 nmethod 255 0x02b97148 code [0x02b97240, 0x02b972d0]
Event: 10.682 Thread 0x1521d800  256             java.util.regex.Pattern$GroupTail::match (111 bytes)
Event: 10.682 Thread 0x1521d800 nmethod 256 0x02b97308 code [0x02b97420, 0x02b975dc]

GC Heap History (10 events):
Event: 1.868 GC heap before
{Heap before GC invocations=0 (full 0):
 def new generation   total 4928K, used 4415K [0x04c00000, 0x05150000, 0x0a150000)
  eden space 4416K,  99% used [0x04c00000, 0x0504ff98, 0x05050000)
  from space 512K,   0% used [0x05050000, 0x05050000, 0x050d0000)
  to   space 512K,   0% used [0x050d0000, 0x050d0000, 0x05150000)
 tenured generation   total 10944K, used 0K [0x0a150000, 0x0ac00000, 0x14c00000)
   the space 10944K,   0% used [0x0a150000, 0x0a150000, 0x0a150200, 0x0ac00000)
 Metaspace       used 2458K, capacity 2504K, committed 2624K, reserved 4480K
Event: 1.872 GC heap after
Heap after GC invocations=1 (full 0):
 def new generation   total 4928K, used 512K [0x04c00000, 0x05150000, 0x0a150000)
  eden space 4416K,   0% used [0x04c00000, 0x04c00000, 0x05050000)
  from space 512K, 100% used [0x050d0000, 0x05150000, 0x05150000)
  to   space 512K,   0% used [0x05050000, 0x05050000, 0x050d0000)
 tenured generation   total 10944K, used 723K [0x0a150000, 0x0ac00000, 0x14c00000)
   the space 10944K,   6% used [0x0a150000, 0x0a204d70, 0x0a204e00, 0x0ac00000)
 Metaspace       used 2458K, capacity 2504K, committed 2624K, reserved 4480K
}
Event: 2.139 GC heap before
{Heap before GC invocations=1 (full 0):
 def new generation   total 4928K, used 4928K [0x04c00000, 0x05150000, 0x0a150000)
  eden space 4416K, 100% used [0x04c00000, 0x05050000, 0x05050000)
  from space 512K, 100% used [0x050d0000, 0x05150000, 0x05150000)
  to   space 512K,   0% used [0x05050000, 0x05050000, 0x050d0000)
 tenured generation   total 10944K, used 723K [0x0a150000, 0x0ac00000, 0x14c00000)
   the space 10944K,   6% used [0x0a150000, 0x0a204d70, 0x0a204e00, 0x0ac00000)
 Metaspace       used 3063K, capacity 3080K, committed 3136K, reserved 4480K
Event: 2.143 GC heap after
Heap after GC invocations=2 (full 0):
 def new generation   total 4928K, used 512K [0x04c00000, 0x05150000, 0x0a150000)
  eden space 4416K,   0% used [0x04c00000, 0x04c00000, 0x05050000)
  from space 512K, 100% used [0x05050000, 0x050d0000, 0x050d0000)
  to   space 512K,   0% used [0x050d0000, 0x050d0000, 0x05150000)
 tenured generation   total 10944K, used 1463K [0x0a150000, 0x0ac00000, 0x14c00000)
   the space 10944K,  13% used [0x0a150000, 0x0a2bdec0, 0x0a2be000, 0x0ac00000)
 Metaspace       used 3063K, capacity 3080K, committed 3136K, reserved 4480K
}
Event: 2.512 GC heap before
{Heap before GC invocations=2 (full 0):
 def new generation   total 4928K, used 4928K [0x04c00000, 0x05150000, 0x0a150000)
  eden space 4416K, 100% used [0x04c00000, 0x05050000, 0x05050000)
  from space 512K, 100% used [0x05050000, 0x050d0000, 0x050d0000)
  to   space 512K,   0% used [0x050d0000, 0x050d0000, 0x05150000)
 tenured generation   total 10944K, used 1463K [0x0a150000, 0x0ac00000, 0x14c00000)
   the space 10944K,  13% used [0x0a150000, 0x0a2bdec0, 0x0a2be000, 0x0ac00000)
 Metaspace       used 3693K, capacity 3745K, committed 3776K, reserved 4480K
Event: 2.515 GC heap after
Heap after GC invocations=3 (full 0):
 def new generation   total 4928K, used 511K [0x04c00000, 0x05150000, 0x0a150000)
  eden space 4416K,   0% used [0x04c00000, 0x04c00000, 0x05050000)
  from space 512K,  99% used [0x050d0000, 0x0514fff8, 0x05150000)
  to   space 512K,   0% used [0x05050000, 0x05050000, 0x050d0000)
 tenured generation   total 10944K, used 1932K [0x0a150000, 0x0ac00000, 0x14c00000)
   the space 10944K,  17% used [0x0a150000, 0x0a3330d0, 0x0a333200, 0x0ac00000)
 Metaspace       used 3693K, capacity 3745K, committed 3776K, reserved 4480K
}
Event: 2.762 GC heap before
{Heap before GC invocations=3 (full 0):
 def new generation   total 4928K, used 4927K [0x04c00000, 0x05150000, 0x0a150000)
  eden space 4416K, 100% used [0x04c00000, 0x05050000, 0x05050000)
  from space 512K,  99% used [0x050d0000, 0x0514fff8, 0x05150000)
  to   space 512K,   0% used [0x05050000, 0x05050000, 0x050d0000)
 tenured generation   total 10944K, used 1932K [0x0a150000, 0x0ac00000, 0x14c00000)
   the space 10944K,  17% used [0x0a150000, 0x0a3330d0, 0x0a333200, 0x0ac00000)
 Metaspace       used 4277K, capacity 4289K, committed 4416K, reserved 4480K
Event: 2.766 GC heap after
Heap after GC invocations=4 (full 0):
 def new generation   total 4928K, used 512K [0x04c00000, 0x05150000, 0x0a150000)
  eden space 4416K,   0% used [0x04c00000, 0x04c00000, 0x05050000)
  from space 512K, 100% used [0x05050000, 0x050d0000, 0x050d0000)
  to   space 512K,   0% used [0x050d0000, 0x050d0000, 0x05150000)
 tenured generation   total 10944K, used 2673K [0x0a150000, 0x0ac00000, 0x14c00000)
   the space 10944K,  24% used [0x0a150000, 0x0a3ec440, 0x0a3ec600, 0x0ac00000)
 Metaspace       used 4277K, capacity 4289K, committed 4416K, reserved 4480K
}
Event: 3.054 GC heap before
{Heap before GC invocations=4 (full 0):
 def new generation   total 4928K, used 4928K [0x04c00000, 0x05150000, 0x0a150000)
  eden space 4416K, 100% used [0x04c00000, 0x05050000, 0x05050000)
  from space 512K, 100% used [0x05050000, 0x050d0000, 0x050d0000)
  to   space 512K,   0% used [0x050d0000, 0x050d0000, 0x05150000)
 tenured generation   total 10944K, used 2673K [0x0a150000, 0x0ac00000, 0x14c00000)
   the space 10944K,  24% used [0x0a150000, 0x0a3ec440, 0x0a3ec600, 0x0ac00000)
 Metaspace       used 4849K, capacity 4897K, committed 4992K, reserved 5504K
Event: 3.058 GC heap after
Heap after GC invocations=5 (full 0):
 def new generation   total 4928K, used 511K [0x04c00000, 0x05150000, 0x0a150000)
  eden space 4416K,   0% used [0x04c00000, 0x04c00000, 0x05050000)
  from space 512K,  99% used [0x050d0000, 0x0514fff8, 0x05150000)
  to   space 512K,   0% used [0x05050000, 0x05050000, 0x050d0000)
 tenured generation   total 10944K, used 3230K [0x0a150000, 0x0ac00000, 0x14c00000)
   the space 10944K,  29% used [0x0a150000, 0x0a477ae8, 0x0a477c00, 0x0ac00000)
 Metaspace       used 4849K, capacity 4897K, committed 4992K, reserved 5504K
}

Deoptimization events (0 events):
No events

Classes redefined (10 events):
Event: 233.648 Thread 0x02a8e800 redefined class name=ExcelReader1$1, count=2
Event: 233.651 Thread 0x02a8e800 redefined class name=ExcelReader1, count=2
Event: 369.723 Thread 0x02a8e800 redefined class name=ExcelReader1$1, count=3
Event: 369.724 Thread 0x02a8e800 redefined class name=ExcelReader1, count=3
Event: 648.879 Thread 0x02a8e800 redefined class name=ExcelReader1$1, count=4
Event: 648.880 Thread 0x02a8e800 redefined class name=ExcelReader1, count=4
Event: 912.067 Thread 0x02a8e800 redefined class name=ExcelReader1$1, count=5
Event: 912.068 Thread 0x02a8e800 redefined class name=ExcelReader1, count=5
Event: 1045.327 Thread 0x02a8e800 redefined class name=ExcelReader1$1, count=6
Event: 1045.328 Thread 0x02a8e800 redefined class name=ExcelReader1, count=6

Internal exceptions (10 events):
Event: 0.438 Thread 0x0288e400 Exception <a 'java/security/PrivilegedActionException'> (0x04d45150) thrown at [C:\workspace\8-2-build-windows-i586-cygwin\jdk8u191\11896\hotspot\src\share\vm\prims\jvm.cpp, line 1435]
Event: 0.438 Thread 0x0288e400 Exception <a 'java/security/PrivilegedActionException'> (0x04d45350) thrown at [C:\workspace\8-2-build-windows-i586-cygwin\jdk8u191\11896\hotspot\src\share\vm\prims\jvm.cpp, line 1435]
Event: 0.438 Thread 0x0288e400 Exception <a 'java/security/PrivilegedActionException'> (0x04d462a8) thrown at [C:\workspace\8-2-build-windows-i586-cygwin\jdk8u191\11896\hotspot\src\share\vm\prims\jvm.cpp, line 1435]
Event: 0.438 Thread 0x0288e400 Exception <a 'java/security/PrivilegedActionException'> (0x04d464a8) thrown at [C:\workspace\8-2-build-windows-i586-cygwin\jdk8u191\11896\hotspot\src\share\vm\prims\jvm.cpp, line 1435]
Event: 0.440 Thread 0x0288e400 Exception <a 'java/security/PrivilegedActionException'> (0x04d4dcc0) thrown at [C:\workspace\8-2-build-windows-i586-cygwin\jdk8u191\11896\hotspot\src\share\vm\prims\jvm.cpp, line 1435]
Event: 0.440 Thread 0x0288e400 Exception <a 'java/security/PrivilegedActionException'> (0x04d4dec0) thrown at [C:\workspace\8-2-build-windows-i586-cygwin\jdk8u191\11896\hotspot\src\share\vm\prims\jvm.cpp, line 1435]
Event: 2.698 Thread 0x0288e400 Exception <a 'java/security/PrivilegedActionException'> (0x04f66430) thrown at [C:\workspace\8-2-build-windows-i586-cygwin\jdk8u191\11896\hotspot\src\share\vm\prims\jvm.cpp, line 1435]
Event: 2.698 Thread 0x0288e400 Exception <a 'java/security/PrivilegedActionException'> (0x04f66630) thrown at [C:\workspace\8-2-build-windows-i586-cygwin\jdk8u191\11896\hotspot\src\share\vm\prims\jvm.cpp, line 1435]
Event: 2.699 Thread 0x0288e400 Exception <a 'java/security/PrivilegedActionException'> (0x04f688d8) thrown at [C:\workspace\8-2-build-windows-i586-cygwin\jdk8u191\11896\hotspot\src\share\vm\prims\jvm.cpp, line 1435]
Event: 2.699 Thread 0x0288e400 Exception <a 'java/security/PrivilegedActionException'> (0x04f68ad8) thrown at [C:\workspace\8-2-build-windows-i586-cygwin\jdk8u191\11896\hotspot\src\share\vm\prims\jvm.cpp, line 1435]

Events (10 events):
Event: 1045.315 Executing VM operation: ChangeBreakpoints done
Event: 1045.316 Executing VM operation: ChangeBreakpoints
Event: 1045.316 Executing VM operation: ChangeBreakpoints done
Event: 1045.325 Executing VM operation: RedefineClasses
Event: 1045.328 Executing VM operation: RedefineClasses done
Event: 1045.427 Executing VM operation: ChangeBreakpoints
Event: 1045.428 Executing VM operation: ChangeBreakpoints done
Event: 1045.432 Executing VM operation: ChangeBreakpoints
Event: 1045.432 Executing VM operation: ChangeBreakpoints done
Event: 1045.614 Executing VM operation: GetOrSetLocal


Dynamic libraries:
0x00900000 - 0x00933000 	C:\software\jdk8\bin\java.exe
0x77b10000 - 0x77c95000 	C:\windows\SYSTEM32\ntdll.dll
0x77600000 - 0x77696000 	C:\windows\System32\KERNEL32.DLL
0x74740000 - 0x748e7000 	C:\windows\System32\KERNELBASE.dll
0x72ec0000 - 0x72f52000 	C:\windows\system32\apphelp.dll
0x77580000 - 0x775f7000 	C:\windows\System32\ADVAPI32.dll
0x776a0000 - 0x7775e000 	C:\windows\System32\msvcrt.dll
0x77760000 - 0x777a1000 	C:\windows\System32\sechost.dll
0x778c0000 - 0x77983000 	C:\windows\System32\RPCRT4.dll
0x77990000 - 0x77ad9000 	C:\windows\System32\USER32.dll
0x74510000 - 0x74529000 	C:\windows\System32\win32u.dll
0x76700000 - 0x7672b000 	C:\windows\System32\GDI32.dll
0x74fd0000 - 0x7512a000 	C:\windows\System32\gdi32full.dll
0x6abb0000 - 0x6adba000 	C:\windows\WinSxS\x86_microsoft.windows.common-controls_6595b64144ccf1df_6.0.14393.0_none_74bc87d3d22d9abe\COMCTL32.dll
0x76930000 - 0x76b41000 	C:\windows\System32\combase.dll
0x74980000 - 0x74a60000 	C:\windows\System32\ucrtbase.dll
0x751d0000 - 0x7522a000 	C:\windows\System32\bcryptPrimitives.dll
0x77ae0000 - 0x77b06000 	C:\windows\System32\IMM32.DLL
0x52940000 - 0x529ff000 	C:\software\jdk8\jre\bin\msvcr100.dll
0x6cc60000 - 0x6d033000 	C:\software\jdk8\jre\bin\client\jvm.dll
0x74940000 - 0x74964000 	C:\windows\System32\WINMM.dll
0x744d0000 - 0x744f3000 	C:\windows\System32\WINMMBASE.dll
0x746b0000 - 0x746e6000 	C:\windows\System32\cfgmgr32.dll
0x76610000 - 0x76616000 	C:\windows\System32\PSAPI.DLL
0x66c30000 - 0x66c38000 	C:\windows\SYSTEM32\WSOCK32.dll
0x76bc0000 - 0x76c23000 	C:\windows\System32\WS2_32.dll
0x6d520000 - 0x6d528000 	C:\windows\SYSTEM32\VERSION.dll
0x693e0000 - 0x693ec000 	C:\software\jdk8\jre\bin\verify.dll
0x693b0000 - 0x693d2000 	C:\software\jdk8\jre\bin\java.dll
0x57ee0000 - 0x57f0b000 	C:\software\jdk8\jre\bin\jdwp.dll
0x5fdf0000 - 0x5fdf7000 	C:\software\jdk8\jre\bin\npt.dll
0x60500000 - 0x60520000 	C:\software\jdk8\jre\bin\instrument.dll
0x66df0000 - 0x66e04000 	C:\software\jdk8\jre\bin\zip.dll
0x75230000 - 0x76607000 	C:\windows\System32\SHELL32.dll
0x74a60000 - 0x74fce000 	C:\windows\System32\windows.storage.dll
0x746f0000 - 0x74735000 	C:\windows\System32\powrprof.dll
0x766b0000 - 0x766f6000 	C:\windows\System32\shlwapi.dll
0x744c0000 - 0x744cd000 	C:\windows\System32\kernel.appcore.dll
0x77810000 - 0x77898000 	C:\windows\System32\shcore.dll
0x74500000 - 0x7450f000 	C:\windows\System32\profapi.dll
0x5c6e0000 - 0x5c6e8000 	C:\software\jdk8\jre\bin\dt_socket.dll
0x73f00000 - 0x73f50000 	C:\windows\system32\mswsock.dll
0x627b0000 - 0x628f5000 	C:\windows\SYSTEM32\dbghelp.dll

VM Arguments:
jvm_args: -agentlib:jdwp=transport=dt_socket,address=127.0.0.1:55719,suspend=y,server=n -javaagent:C:\Users\Administrator\.IntelliJIdea2018.2\system\captureAgent\debugger-agent.jar=file:/C:/Users/Administrator/AppData/Local/Temp/capture.props -Dfile.encoding=UTF-8 
java_command: ExcelReader1
java_class_path (initial): C:\software\jdk8\jre\lib\charsets.jar;C:\software\jdk8\jre\lib\deploy.jar;C:\software\jdk8\jre\lib\ext\access-bridge.jar;C:\software\jdk8\jre\lib\ext\cldrdata.jar;C:\software\jdk8\jre\lib\ext\dnsns.jar;C:\software\jdk8\jre\lib\ext\jaccess.jar;C:\software\jdk8\jre\lib\ext\jfxrt.jar;C:\software\jdk8\jre\lib\ext\localedata.jar;C:\software\jdk8\jre\lib\ext\nashorn.jar;C:\software\jdk8\jre\lib\ext\sunec.jar;C:\software\jdk8\jre\lib\ext\sunjce_provider.jar;C:\software\jdk8\jre\lib\ext\sunmscapi.jar;C:\software\jdk8\jre\lib\ext\sunpkcs11.jar;C:\software\jdk8\jre\lib\ext\zipfs.jar;C:\software\jdk8\jre\lib\javaws.jar;C:\software\jdk8\jre\lib\jce.jar;C:\software\jdk8\jre\lib\jfr.jar;C:\software\jdk8\jre\lib\jfxswt.jar;C:\software\jdk8\jre\lib\jsse.jar;C:\software\jdk8\jre\lib\management-agent.jar;C:\software\jdk8\jre\lib\plugin.jar;C:\software\jdk8\jre\lib\resources.jar;C:\software\jdk8\jre\lib\rt.jar;C:\Users\Administrator\IdeaProjects\excel\target\classes;C:\Users\Administrator\.m2\repository\org\apache\poi\poi\4.0.1\poi-4.0.1.jar;C:\Users\Administrator\.m2\repository\commons-codec\commons-codec\1.11\commons-codec-1.11.jar;C:\Users\Administrator\.m2\repository\org\apache\commons\commons-collections4\4.2\commons-collections4-4.2.jar;C:\Users\Administrator\.m2\repository\org\apache\commons\commons-math3\3.6.1\commons-math3-3.6.1.jar;C:\Users\Administrator\.m2\repository\dom4j\dom4j\1.5.1\dom4j-1.5.1.jar;C:\Users\Administrator\.m2\repository\jaxme\jaxme-api\0.3\jaxme-api-0.3.jar;C:\Users\Administrator\.m2\repository\jaxen\jaxen\1.1-beta-4\jaxen-1.1-beta-4.jar;C:\Users\Administrator\.m2\repository\jdom\jdom\b10\jdom-b10.jar;C:\Users\Administrator\.m2\repository\xerces\xmlParserAPIs\2.6.2\xmlParserAPIs-2.6.2.jar;C:\Users\Administrator\.m2\repository\xerces\xercesImpl\2.6.2\xercesImpl-2.6.2.jar;C:\Users\Administrator\.m2\repository\xom\xom\1.0b3\xom-1.0b3.jar;C:\Users\Administrator\.m2\repository\com\ibm\icu\icu4j\2.6.1\icu4j-2.6.1.jar;C:\Users\Admini
Launcher Type: SUN_STANDARD

Environment Variables:
JAVA_HOME=C:\software\jdk8
PATH=C:\Program Files\Common Files\Oracle\Java\javapath;C:\windows\system32;C:\windows;C:\windows\System32\Wbem;C:\windows\System32\WindowsPowerShell\v1.0\;C:\software\jdk8\bin;C:\software\jdk8\jre\bin;C:\software\mysql\bin;C:\software\apache-maven-3.6.0\bin;C:\software\Git\cmd;C:\software\Git\bin;C:\Users\Administrator\AppData\Local\Microsoft\WindowsApps;
USERNAME=Administrator
OS=Windows_NT
PROCESSOR_IDENTIFIER=x86 Family 6 Model 69 Stepping 1, GenuineIntel



---------------  S Y S T E M  ---------------

OS: Windows 10.0 Build 14393 (10.0.14393.0)

CPU:total 2 (initial active 2) (2 cores per cpu, 1 threads per core) family 6 model 69 stepping 1, cmov, cx8, fxsr, mmx, sse, sse2, sse3, ssse3, sse4.1, sse4.2, popcnt, clmul, erms, lzcnt, tsc, tscinvbit

Memory: 4k page, physical 3312112k(576188k free), swap 6259244k(1276356k free)

vm_info: Java HotSpot(TM) Client VM (25.191-b12) for windows-x86 JRE (1.8.0_191-b12), built on Oct  6 2018 08:34:23 by "java_re" with MS VC++ 10.0 (VS2010)

time: Mon Dec 10 00:57:00 2018
elapsed time: 1045 seconds (0d 0h 17m 25s)

